<?xml version="1.0" encoding="UTF-8"?>
<!-- Generated by org.testng.reporters.JUnitXMLReporter -->
<testsuite ignored="0" hostname="LTIN509268" failures="0" tests="5" name="ChromeTest" time="63.481" errors="0" timestamp="2024-11-09T15:06:33 IST">
  <testcase classname="testCases.TC001_DisplayBookshelves" name="test_displayBookShelves" time="8.317"/>
  <testcase classname="testCases.TC002_BeingAtHome_SubMenuRetrieval" name="test_beingAtHome" time="3.422"/>
  <testcase classname="testCases.TC003_DisplayStudyChairs" name="test_displayStudyChairs" time="2.131"/>
  <testcase classname="testCases.TC004_LoginPage" name="test_LoginPage" time="4.484"/>
  <testcase classname="testCases.TC004_LoginPage" name="test_LoginPage" time="0.819"/>
</testsuite> <!-- ChromeTest -->
