<?xml version="1.0" encoding="UTF-8"?>
<!-- Generated by org.testng.reporters.JUnitXMLReporter -->
<testsuite ignored="0" hostname="LTIN509268" failures="0" tests="5" name="EdgeTest" time="68.401" errors="0" timestamp="2024-11-09T14:34:56 IST">
  <testcase classname="testCases.TC001_DisplayBookshelves" name="test_displayBookShelves" time="7.002"/>
  <testcase classname="testCases.TC002_BeingAtHome_SubMenuRetrieval" name="test_beingAtHome" time="4.09"/>
  <testcase classname="testCases.TC003_DisplayStudyChairs" name="test_displayStudyChairs" time="2.025"/>
  <testcase classname="testCases.TC004_LoginPage" name="test_customizeGiftCard" time="4.385"/>
  <testcase classname="testCases.TC004_LoginPage" name="test_customizeGiftCard" time="0.78"/>
</testsuite> <!-- EdgeTest -->
