<?xml version="1.0" encoding="UTF-8"?>
<testng-results ignored="0" total="2" passed="2" failed="0" skipped="0">
  <reporter-output>
  </reporter-output>
  <suite started-at="2024-11-08T10:10:11 IST" name="Suite" finished-at="2024-11-08T10:10:37 IST" duration-ms="26347">
    <groups>
    </groups>
    <test started-at="2024-11-08T10:10:11 IST" name="ChromeTest" finished-at="2024-11-08T10:10:37 IST" duration-ms="26347">
      <class name="testCases.TC004_LoginPage">
        <test-method is-config="true" signature="setup(java.lang.String,java.lang.String)[pri:0, instance:testCases.TC004_LoginPage@75f5fd58]" started-at="2024-11-08T10:10:11 IST" name="setup" finished-at="2024-11-08T10:10:22 IST" duration-ms="11328" status="PASS">
          <params>
            <param index="0">
              <value>
                <![CDATA[Windows]]>
              </value>
            </param>
            <param index="1">
              <value>
                <![CDATA[Chrome]]>
              </value>
            </param>
          </params>
          <reporter-output>
          </reporter-output>
        </test-method> <!-- setup -->
        <test-method signature="test_customizeGiftCard(java.lang.String)[pri:0, instance:testCases.TC004_LoginPage@75f5fd58]" started-at="2024-11-08T10:10:25 IST" name="test_customizeGiftCard" data-provider="GiftCardData" finished-at="2024-11-08T10:10:30 IST" duration-ms="4950" status="PASS">
          <params>
            <param index="0">
              <value>
                <![CDATA[ahahhshs]]>
              </value>
            </param>
          </params>
          <reporter-output>
          </reporter-output>
        </test-method> <!-- test_customizeGiftCard -->
        <test-method signature="test_customizeGiftCard(java.lang.String)[pri:0, instance:testCases.TC004_LoginPage@75f5fd58]" started-at="2024-11-08T10:10:30 IST" name="test_customizeGiftCard" data-provider="GiftCardData" finished-at="2024-11-08T10:10:31 IST" duration-ms="1541" status="PASS">
          <params>
            <param index="0">
              <value>
                <![CDATA[shshhshs]]>
              </value>
            </param>
          </params>
          <reporter-output>
          </reporter-output>
        </test-method> <!-- test_customizeGiftCard -->
        <test-method is-config="true" signature="tearDown()[pri:0, instance:testCases.TC004_LoginPage@75f5fd58]" started-at="2024-11-08T10:10:31 IST" name="tearDown" finished-at="2024-11-08T10:10:37 IST" duration-ms="5787" status="PASS">
          <reporter-output>
          </reporter-output>
        </test-method> <!-- tearDown -->
      </class> <!-- testCases.TC004_LoginPage -->
    </test> <!-- ChromeTest -->
  </suite> <!-- Suite -->
</testng-results>
