<?xml version="1.0" encoding="UTF-8"?>
<testng-results ignored="0" total="5" passed="5" failed="0" skipped="0">
  <reporter-output>
  </reporter-output>
  <suite started-at="2024-11-09T15:05:30 IST" name="Suite" finished-at="2024-11-09T15:06:33 IST" duration-ms="63481">
    <groups>
    </groups>
    <test started-at="2024-11-09T15:05:30 IST" name="ChromeTest" finished-at="2024-11-09T15:06:33 IST" duration-ms="63481">
      <class name="testCases.TC003_DisplayStudyChairs">
        <test-method is-config="true" signature="setup(java.lang.String)[pri:0, instance:testCases.TC003_DisplayStudyChairs@57cf54e1]" started-at="2024-11-09T15:06:01 IST" name="setup" finished-at="2024-11-09T15:06:10 IST" duration-ms="8640" status="PASS">
          <params>
            <param index="0">
              <value>
                <![CDATA[Chrome]]>
              </value>
            </param>
          </params>
          <reporter-output>
          </reporter-output>
        </test-method> <!-- setup -->
        <test-method signature="test_displayStudyChairs()[pri:0, instance:testCases.TC003_DisplayStudyChairs@57cf54e1]" started-at="2024-11-09T15:06:10 IST" name="test_displayStudyChairs" finished-at="2024-11-09T15:06:12 IST" duration-ms="2131" status="PASS">
          <reporter-output>
          </reporter-output>
        </test-method> <!-- test_displayStudyChairs -->
        <test-method is-config="true" signature="tearDown()[pri:0, instance:testCases.TC003_DisplayStudyChairs@57cf54e1]" started-at="2024-11-09T15:06:12 IST" name="tearDown" finished-at="2024-11-09T15:06:15 IST" duration-ms="2574" status="PASS">
          <reporter-output>
          </reporter-output>
        </test-method> <!-- tearDown -->
      </class> <!-- testCases.TC003_DisplayStudyChairs -->
      <class name="testCases.TC002_BeingAtHome_SubMenuRetrieval">
        <test-method is-config="true" signature="setup(java.lang.String)[pri:0, instance:testCases.TC002_BeingAtHome_SubMenuRetrieval@7c711375]" started-at="2024-11-09T15:05:48 IST" name="setup" finished-at="2024-11-09T15:05:55 IST" duration-ms="7320" status="PASS">
          <params>
            <param index="0">
              <value>
                <![CDATA[Chrome]]>
              </value>
            </param>
          </params>
          <reporter-output>
          </reporter-output>
        </test-method> <!-- setup -->
        <test-method signature="test_beingAtHome()[pri:0, instance:testCases.TC002_BeingAtHome_SubMenuRetrieval@7c711375]" started-at="2024-11-09T15:05:55 IST" name="test_beingAtHome" finished-at="2024-11-09T15:05:59 IST" duration-ms="3422" status="PASS">
          <reporter-output>
          </reporter-output>
        </test-method> <!-- test_beingAtHome -->
        <test-method is-config="true" signature="tearDown()[pri:0, instance:testCases.TC002_BeingAtHome_SubMenuRetrieval@7c711375]" started-at="2024-11-09T15:05:59 IST" name="tearDown" finished-at="2024-11-09T15:06:01 IST" duration-ms="2475" status="PASS">
          <reporter-output>
          </reporter-output>
        </test-method> <!-- tearDown -->
      </class> <!-- testCases.TC002_BeingAtHome_SubMenuRetrieval -->
      <class name="testCases.TC001_DisplayBookshelves">
        <test-method is-config="true" signature="setup(java.lang.String)[pri:0, instance:testCases.TC001_DisplayBookshelves@43dac38f]" started-at="2024-11-09T15:05:30 IST" name="setup" finished-at="2024-11-09T15:05:37 IST" duration-ms="7396" status="PASS">
          <params>
            <param index="0">
              <value>
                <![CDATA[Chrome]]>
              </value>
            </param>
          </params>
          <reporter-output>
          </reporter-output>
        </test-method> <!-- setup -->
        <test-method signature="test_displayBookShelves()[pri:0, instance:testCases.TC001_DisplayBookshelves@43dac38f]" started-at="2024-11-09T15:05:37 IST" name="test_displayBookShelves" finished-at="2024-11-09T15:05:46 IST" duration-ms="8317" status="PASS">
          <reporter-output>
          </reporter-output>
        </test-method> <!-- test_displayBookShelves -->
        <test-method is-config="true" signature="tearDown()[pri:0, instance:testCases.TC001_DisplayBookshelves@43dac38f]" started-at="2024-11-09T15:05:46 IST" name="tearDown" finished-at="2024-11-09T15:05:48 IST" duration-ms="2627" status="PASS">
          <reporter-output>
          </reporter-output>
        </test-method> <!-- tearDown -->
      </class> <!-- testCases.TC001_DisplayBookshelves -->
      <class name="testCases.TC004_LoginPage">
        <test-method is-config="true" signature="setup(java.lang.String)[pri:0, instance:testCases.TC004_LoginPage@5b03b9fe]" started-at="2024-11-09T15:06:15 IST" name="setup" finished-at="2024-11-09T15:06:23 IST" duration-ms="8524" status="PASS">
          <params>
            <param index="0">
              <value>
                <![CDATA[Chrome]]>
              </value>
            </param>
          </params>
          <reporter-output>
          </reporter-output>
        </test-method> <!-- setup -->
        <test-method signature="test_LoginPage(java.lang.String)[pri:0, instance:testCases.TC004_LoginPage@5b03b9fe]" started-at="2024-11-09T15:06:25 IST" name="test_LoginPage" data-provider="LoginData" finished-at="2024-11-09T15:06:29 IST" duration-ms="4484" status="PASS">
          <params>
            <param index="0">
              <value>
                <![CDATA[ahahhshs]]>
              </value>
            </param>
          </params>
          <reporter-output>
          </reporter-output>
        </test-method> <!-- test_LoginPage -->
        <test-method signature="test_LoginPage(java.lang.String)[pri:0, instance:testCases.TC004_LoginPage@5b03b9fe]" started-at="2024-11-09T15:06:29 IST" name="test_LoginPage" data-provider="LoginData" finished-at="2024-11-09T15:06:30 IST" duration-ms="819" status="PASS">
          <params>
            <param index="0">
              <value>
                <![CDATA[shshhshs]]>
              </value>
            </param>
          </params>
          <reporter-output>
          </reporter-output>
        </test-method> <!-- test_LoginPage -->
        <test-method is-config="true" signature="tearDown()[pri:0, instance:testCases.TC004_LoginPage@5b03b9fe]" started-at="2024-11-09T15:06:30 IST" name="tearDown" finished-at="2024-11-09T15:06:33 IST" duration-ms="2732" status="PASS">
          <reporter-output>
          </reporter-output>
        </test-method> <!-- tearDown -->
      </class> <!-- testCases.TC004_LoginPage -->
    </test> <!-- ChromeTest -->
  </suite> <!-- Suite -->
</testng-results>
